e:\c\cpp\schedulerproj\scheduler\debug\vc141.pdb
e:\c\cpp\schedulerproj\scheduler\debug\parametersform.obj
e:\c\cpp\schedulerproj\scheduler\debug\mainform.obj
e:\c\cpp\schedulerproj\scheduler\debug\studentsform.obj
e:\c\cpp\schedulerproj\scheduler\debug\teachersform.obj
e:\c\cpp\schedulerproj\scheduler\debug\scheduleform.obj
e:\c\cpp\schedulerproj\scheduler\debug\classroomsform.obj
e:\c\cpp\schedulerproj\scheduler\debug\activitiesform.obj
e:\c\cpp\schedulerproj\scheduler\debug\groupsform.obj
e:\c\cpp\schedulerproj\scheduler\debug\groupinfoform.obj
e:\c\cpp\schedulerproj\scheduler\debug\teacherinfoform.obj
e:\c\cpp\schedulerproj\scheduler\debug\excelformat.obj
e:\c\cpp\schedulerproj\scheduler\debug\basicexcel.obj
e:\c\cpp\schedulerproj\scheduler\debug\dataobject.obj
e:\c\cpp\schedulerproj\scheduler\debug\scheduleobject.obj
e:\c\cpp\schedulerproj\scheduler\debug\.netframework,version=v4.6.1.assemblyattributes.obj
e:\c\cpp\schedulerproj\scheduler\debug\.netframework,version=v4.6.1.assemblyattributes.asm
e:\c\cpp\schedulerproj\scheduler\debug\scheduler.mainform.resources
e:\c\cpp\schedulerproj\scheduler\debug\scheduler.parametersform.resources
e:\c\cpp\schedulerproj\scheduler\debug\scheduler.studentsform.resources
e:\c\cpp\schedulerproj\scheduler\debug\scheduler.groupsform.resources
e:\c\cpp\schedulerproj\scheduler\debug\scheduler.teachersform.resources
e:\c\cpp\schedulerproj\scheduler\debug\scheduler.classroomsform.resources
e:\c\cpp\schedulerproj\scheduler\debug\scheduler.activitiesform.resources
e:\c\cpp\schedulerproj\scheduler\debug\scheduler.teacherinfoform.resources
e:\c\cpp\schedulerproj\scheduler\debug\scheduler.vcxproj.generateresource.cache
e:\c\cpp\schedulerproj\scheduler\debug\scheduler.vcxprojassemblyreference.cache
e:\c\cpp\schedulerproj\debug\scheduler.pdb
e:\c\cpp\schedulerproj\scheduler\debug\scheduler.tlog\cl.command.1.tlog
e:\c\cpp\schedulerproj\scheduler\debug\scheduler.tlog\cl.read.1.tlog
e:\c\cpp\schedulerproj\scheduler\debug\scheduler.tlog\cl.write.1.tlog
e:\c\cpp\schedulerproj\scheduler\debug\scheduler.tlog\link.10488-cvtres.read.1.tlog
e:\c\cpp\schedulerproj\scheduler\debug\scheduler.tlog\link.10488-cvtres.write.1.tlog
e:\c\cpp\schedulerproj\scheduler\debug\scheduler.tlog\link.10488-rc.read.1.tlog
e:\c\cpp\schedulerproj\scheduler\debug\scheduler.tlog\link.10488-rc.write.1.tlog
e:\c\cpp\schedulerproj\scheduler\debug\scheduler.tlog\link.10488.read.1.tlog
e:\c\cpp\schedulerproj\scheduler\debug\scheduler.tlog\link.10488.write.1.tlog
e:\c\cpp\schedulerproj\scheduler\debug\scheduler.tlog\link.15512-cvtres.read.1.tlog
e:\c\cpp\schedulerproj\scheduler\debug\scheduler.tlog\link.15512-cvtres.write.1.tlog
e:\c\cpp\schedulerproj\scheduler\debug\scheduler.tlog\link.15512-rc.read.1.tlog
e:\c\cpp\schedulerproj\scheduler\debug\scheduler.tlog\link.15512-rc.write.1.tlog
e:\c\cpp\schedulerproj\scheduler\debug\scheduler.tlog\link.15512.read.1.tlog
e:\c\cpp\schedulerproj\scheduler\debug\scheduler.tlog\link.15512.write.1.tlog
e:\c\cpp\schedulerproj\scheduler\debug\scheduler.tlog\link.7064-cvtres.read.1.tlog
e:\c\cpp\schedulerproj\scheduler\debug\scheduler.tlog\link.7064-cvtres.write.1.tlog
e:\c\cpp\schedulerproj\scheduler\debug\scheduler.tlog\link.7064-rc.read.1.tlog
e:\c\cpp\schedulerproj\scheduler\debug\scheduler.tlog\link.7064-rc.write.1.tlog
e:\c\cpp\schedulerproj\scheduler\debug\scheduler.tlog\link.7064.read.1.tlog
e:\c\cpp\schedulerproj\scheduler\debug\scheduler.tlog\link.7064.write.1.tlog
e:\c\cpp\schedulerproj\scheduler\debug\scheduler.tlog\link.7756-cvtres.read.1.tlog
e:\c\cpp\schedulerproj\scheduler\debug\scheduler.tlog\link.7756-cvtres.write.1.tlog
e:\c\cpp\schedulerproj\scheduler\debug\scheduler.tlog\link.7756-rc.read.1.tlog
e:\c\cpp\schedulerproj\scheduler\debug\scheduler.tlog\link.7756-rc.write.1.tlog
e:\c\cpp\schedulerproj\scheduler\debug\scheduler.tlog\link.7756.read.1.tlog
e:\c\cpp\schedulerproj\scheduler\debug\scheduler.tlog\link.7756.write.1.tlog
e:\c\cpp\schedulerproj\scheduler\debug\scheduler.tlog\link.8372-cvtres.read.1.tlog
e:\c\cpp\schedulerproj\scheduler\debug\scheduler.tlog\link.8372-cvtres.write.1.tlog
e:\c\cpp\schedulerproj\scheduler\debug\scheduler.tlog\link.8372-rc.read.1.tlog
e:\c\cpp\schedulerproj\scheduler\debug\scheduler.tlog\link.8372-rc.write.1.tlog
e:\c\cpp\schedulerproj\scheduler\debug\scheduler.tlog\link.8372.read.1.tlog
e:\c\cpp\schedulerproj\scheduler\debug\scheduler.tlog\link.8372.write.1.tlog
e:\c\cpp\schedulerproj\scheduler\debug\scheduler.tlog\link.command.1.tlog
e:\c\cpp\schedulerproj\scheduler\debug\scheduler.tlog\link.read.1.tlog
e:\c\cpp\schedulerproj\scheduler\debug\scheduler.tlog\link.write.1.tlog
e:\c\cpp\schedulerproj\scheduler\debug\scheduler.tlog\metagen.read.1.tlog
e:\c\cpp\schedulerproj\scheduler\debug\scheduler.tlog\metagen.write.1.tlog
e:\c\cpp\schedulerproj\scheduler\debug\scheduler.tlog\scheduler.write.1u.tlog
